\BOOKMARK [1][-]{section.1}{Description}{}% 1
\BOOKMARK [1][-]{section.2}{Remarques diverses}{}% 2
\BOOKMARK [1][-]{section.3}{Pi\350ces}{}% 3
\BOOKMARK [2][-]{subsection.3.1}{Coque et support interne}{section.3}% 4
\BOOKMARK [2][-]{subsection.3.2}{\311lectronique et connectique}{section.3}% 5
\BOOKMARK [2][-]{subsection.3.3}{Propulsion}{section.3}% 6
\BOOKMARK [2][-]{subsection.3.4}{Outils et consommables}{section.3}% 7
\BOOKMARK [1][-]{section.4}{Construction}{}% 8
\BOOKMARK [2][-]{subsection.4.1}{Coque}{section.4}% 9
\BOOKMARK [3][-]{subsubsection.4.1.1}{Tube principal}{subsection.4.1}% 10
\BOOKMARK [2][-]{subsection.4.2}{Tubes sup\351rieurs}{section.4}% 11
\BOOKMARK [3][-]{subsubsection.4.2.1}{Pieds}{subsection.4.2}% 12
\BOOKMARK [3][-]{subsubsection.4.2.2}{Phares et entr\351e/sortie de la connectique}{subsection.4.2}% 13
\BOOKMARK [3][-]{subsubsection.4.2.3}{Support cam\351ra \(optionnel\)}{subsection.4.2}% 14
\BOOKMARK [2][-]{subsection.4.3}{Moteurs et c\342ble r\351seau}{section.4}% 15
\BOOKMARK [2][-]{subsection.4.4}{T\351l\351commande}{section.4}% 16
\BOOKMARK [2][-]{subsection.4.5}{Ch\342ssis interne}{section.4}% 17
\BOOKMARK [2][-]{subsection.4.6}{C\342blage}{section.4}% 18
\BOOKMARK [3][-]{subsubsection.4.6.1}{Rallonge RJ45}{subsection.4.6}% 19
\BOOKMARK [3][-]{subsubsection.4.6.2}{Interfaces RJ45/Carte de pilotage et RJ45/T\351l\351commande}{subsection.4.6}% 20
\BOOKMARK [3][-]{subsubsection.4.6.3}{Connexions}{subsection.4.6}% 21
\BOOKMARK [1][-]{section.5}{Code arduino}{}% 22
\BOOKMARK [1][-]{section.6}{Stabilisation}{}% 23
\BOOKMARK [1][-]{section.7}{Id\351es d'am\351lioration}{}% 24
